# JRE version: Java(TM) SE Runtime Environment (8.0_172-b11) (build 1.8.0_172-b11)
# Java VM: Java HotSpot(TM) 64-Bit Server VM (25.172-b11 mixed mode windows-amd64 compressed oops)
Heap:
 PSYoungGen      total 107520K, used 23061K [0x00000000f5580000, 0x00000000fc780000, 0x0000000100000000)
  eden space 98304K, 17% used [0x00000000f5580000,0x00000000f66a5238,0x00000000fb580000)
  from space 9216K, 59% used [0x00000000fb580000,0x00000000fbae02e8,0x00000000fbe80000)
  to   space 7680K, 0% used [0x00000000fc000000,0x00000000fc000000,0x00000000fc780000)
 ParOldGen       total 44544K, used 15838K [0x00000000e0000000, 0x00000000e2b80000, 0x00000000f5580000)
  object space 44544K, 35% used [0x00000000e0000000,0x00000000e0f77b40,0x00000000e2b80000)
 Metaspace       used 38710K, capacity 40184K, committed 40400K, reserved 1085440K
  class space    used 5082K, capacity 5365K, committed 5376K, reserved 1048576K
GC Heap History (10 events):
Event: 10.631 GC heap before
{Heap before GC invocations=9 (full 1):
 PSYoungGen      total 74240K, used 73811K [0x00000000f5580000, 0x00000000fa580000, 0x0000000100000000)
  eden space 66560K, 100% used [0x00000000f5580000,0x00000000f9680000,0x00000000f9680000)
  from space 7680K, 94% used [0x00000000f9680000,0x00000000f9d94ea8,0x00000000f9e00000)
  to   space 7680K, 0% used [0x00000000f9e00000,0x00000000f9e00000,0x00000000fa580000)
 ParOldGen       total 44544K, used 5463K [0x00000000e0000000, 0x00000000e2b80000, 0x00000000f5580000)
  object space 44544K, 12% used [0x00000000e0000000,0x00000000e0555f78,0x00000000e2b80000)
 Metaspace       used 29870K, capacity 30814K, committed 30848K, reserved 1075200K
  class space    used 3960K, capacity 4218K, committed 4224K, reserved 1048576K
Event: 10.640 GC heap after
Heap after GC invocations=9 (full 1):
 PSYoungGen      total 73728K, used 7044K [0x00000000f5580000, 0x00000000fde80000, 0x0000000100000000)
  eden space 66048K, 0% used [0x00000000f5580000,0x00000000f5580000,0x00000000f9600000)
  from space 7680K, 91% used [0x00000000f9e00000,0x00000000fa4e13e0,0x00000000fa580000)
  to   space 8192K, 0% used [0x00000000f9600000,0x00000000f9600000,0x00000000f9e00000)
 ParOldGen       total 44544K, used 5471K [0x00000000e0000000, 0x00000000e2b80000, 0x00000000f5580000)
  object space 44544K, 12% used [0x00000000e0000000,0x00000000e0557f78,0x00000000e2b80000)
 Metaspace       used 29870K, capacity 30814K, committed 30848K, reserved 1075200K
  class space    used 3960K, capacity 4218K, committed 4224K, reserved 1048576K
}
Event: 11.864 GC heap before
{Heap before GC invocations=10 (full 1):
 PSYoungGen      total 73728K, used 73092K [0x00000000f5580000, 0x00000000fde80000, 0x0000000100000000)
  eden space 66048K, 100% used [0x00000000f5580000,0x00000000f9600000,0x00000000f9600000)
  from space 7680K, 91% used [0x00000000f9e00000,0x00000000fa4e13e0,0x00000000fa580000)
  to   space 8192K, 0% used [0x00000000f9600000,0x00000000f9600000,0x00000000f9e00000)
 ParOldGen       total 44544K, used 5471K [0x00000000e0000000, 0x00000000e2b80000, 0x00000000f5580000)
  object space 44544K, 12% used [0x00000000e0000000,0x00000000e0557f78,0x00000000e2b80000)
 Metaspace       used 31976K, capacity 32976K, committed 33280K, reserved 1077248K
  class space    used 4273K, capacity 4525K, committed 4608K, reserved 1048576K
Event: 11.875 GC heap after
Heap after GC invocations=10 (full 1):
 PSYoungGen      total 74240K, used 8178K [0x00000000f5580000, 0x00000000fc980000, 0x0000000100000000)
  eden space 66048K, 0% used [0x00000000f5580000,0x00000000f5580000,0x00000000f9600000)
  from space 8192K, 99% used [0x00000000f9600000,0x00000000f9dfca80,0x00000000f9e00000)
  to   space 9728K, 0% used [0x00000000fc000000,0x00000000fc000000,0x00000000fc980000)
 ParOldGen       total 44544K, used 7084K [0x00000000e0000000, 0x00000000e2b80000, 0x00000000f5580000)
  object space 44544K, 15% used [0x00000000e0000000,0x00000000e06eb340,0x00000000e2b80000)
 Metaspace       used 31976K, capacity 32976K, committed 33280K, reserved 1077248K
  class space    used 4273K, capacity 4525K, committed 4608K, reserved 1048576K
}
Event: 12.737 GC heap before
{Heap before GC invocations=11 (full 1):
 PSYoungGen      total 74240K, used 67729K [0x00000000f5580000, 0x00000000fc980000, 0x0000000100000000)
  eden space 66048K, 90% used [0x00000000f5580000,0x00000000f8fa7b70,0x00000000f9600000)
  from space 8192K, 99% used [0x00000000f9600000,0x00000000f9dfca80,0x00000000f9e00000)
  to   space 9728K, 0% used [0x00000000fc000000,0x00000000fc000000,0x00000000fc980000)
 ParOldGen       total 44544K, used 7084K [0x00000000e0000000, 0x00000000e2b80000, 0x00000000f5580000)
  object space 44544K, 15% used [0x00000000e0000000,0x00000000e06eb340,0x00000000e2b80000)
 Metaspace       used 34745K, capacity 35818K, committed 36048K, reserved 1081344K
  class space    used 4582K, capacity 4834K, committed 4864K, reserved 1048576K
Event: 12.752 GC heap after
Heap after GC invocations=11 (full 1):
 PSYoungGen      total 105984K, used 6882K [0x00000000f5580000, 0x00000000fc780000, 0x0000000100000000)
  eden space 98304K, 0% used [0x00000000f5580000,0x00000000f5580000,0x00000000fb580000)
  from space 7680K, 89% used [0x00000000fc000000,0x00000000fc6b8ba0,0x00000000fc780000)
  to   space 9216K, 0% used [0x00000000fb580000,0x00000000fb580000,0x00000000fbe80000)
 ParOldGen       total 44544K, used 11272K [0x00000000e0000000, 0x00000000e2b80000, 0x00000000f5580000)
  object space 44544K, 25% used [0x00000000e0000000,0x00000000e0b02058,0x00000000e2b80000)
 Metaspace       used 34745K, capacity 35818K, committed 36048K, reserved 1081344K
  class space    used 4582K, capacity 4834K, committed 4864K, reserved 1048576K
}
Event: 12.752 GC heap before
{Heap before GC invocations=12 (full 2):
 PSYoungGen      total 105984K, used 6882K [0x00000000f5580000, 0x00000000fc780000, 0x0000000100000000)
  eden space 98304K, 0% used [0x00000000f5580000,0x00000000f5580000,0x00000000fb580000)
  from space 7680K, 89% used [0x00000000fc000000,0x00000000fc6b8ba0,0x00000000fc780000)
  to   space 9216K, 0% used [0x00000000fb580000,0x00000000fb580000,0x00000000fbe80000)
 ParOldGen       total 44544K, used 11272K [0x00000000e0000000, 0x00000000e2b80000, 0x00000000f5580000)
  object space 44544K, 25% used [0x00000000e0000000,0x00000000e0b02058,0x00000000e2b80000)
 Metaspace       used 34745K, capacity 35818K, committed 36048K, reserved 1081344K
  class space    used 4582K, capacity 4834K, committed 4864K, reserved 1048576K
Event: 12.841 GC heap after
Heap after GC invocations=12 (full 2):
 PSYoungGen      total 105984K, used 0K [0x00000000f5580000, 0x00000000fc780000, 0x0000000100000000)
  eden space 98304K, 0% used [0x00000000f5580000,0x00000000f5580000,0x00000000fb580000)
  from space 7680K, 0% used [0x00000000fc000000,0x00000000fc000000,0x00000000fc780000)
  to   space 9216K, 0% used [0x00000000fb580000,0x00000000fb580000,0x00000000fbe80000)
 ParOldGen       total 44544K, used 15830K [0x00000000e0000000, 0x00000000e2b80000, 0x00000000f5580000)
  object space 44544K, 35% used [0x00000000e0000000,0x00000000e0f75b40,0x00000000e2b80000)
 Metaspace       used 34745K, capacity 35818K, committed 36048K, reserved 1081344K
  class space    used 4582K, capacity 4834K, committed 4864K, reserved 1048576K
}
Event: 13.883 GC heap before
{Heap before GC invocations=13 (full 2):
 PSYoungGen      total 105984K, used 98304K [0x00000000f5580000, 0x00000000fc780000, 0x0000000100000000)
  eden space 98304K, 100% used [0x00000000f5580000,0x00000000fb580000,0x00000000fb580000)
  from space 7680K, 0% used [0x00000000fc000000,0x00000000fc000000,0x00000000fc780000)
  to   space 9216K, 0% used [0x00000000fb580000,0x00000000fb580000,0x00000000fbe80000)
 ParOldGen       total 44544K, used 15830K [0x00000000e0000000, 0x00000000e2b80000, 0x00000000f5580000)
  object space 44544K, 35% used [0x00000000e0000000,0x00000000e0f75b40,0x00000000e2b80000)
 Metaspace       used 38484K, capacity 39960K, committed 40144K, reserved 1083392K
  class space    used 5053K, capacity 5359K, committed 5376K, reserved 1048576K
Event: 13.889 GC heap after
Heap after GC invocations=13 (full 2):
 PSYoungGen      total 107520K, used 5504K [0x00000000f5580000, 0x00000000fc780000, 0x0000000100000000)
  eden space 98304K, 0% used [0x00000000f5580000,0x00000000f5580000,0x00000000fb580000)
  from space 9216K, 59% used [0x00000000fb580000,0x00000000fbae02e8,0x00000000fbe80000)
  to   space 7680K, 0% used [0x00000000fc000000,0x00000000fc000000,0x00000000fc780000)
 ParOldGen       total 44544K, used 15838K [0x00000000e0000000, 0x00000000e2b80000, 0x00000000f5580000)
  object space 44544K, 35% used [0x00000000e0000000,0x00000000e0f77b40,0x00000000e2b80000)
 Metaspace       used 38484K, capacity 39960K, committed 40144K, reserved 1083392K
  class space    used 5053K, capacity 5359K, committed 5376K, reserved 1048576K
}

